0 info it worked if it ends with ok
1 verbose cli [ 'D:\\Program Files\\nodejs\\node.exe',
1 verbose cli   'D:\\Program Files\\nodejs\\node_modules\\npm\\bin\\npm-cli.js',
1 verbose cli   'install',
1 verbose cli   '@',
1 verbose cli   'angular',
1 verbose cli   '/',
1 verbose cli   'language-service',
1 verbose cli   '--save-dev' ]
2 info using npm@3.10.10
3 info using node@v6.11.0
4 silly loadCurrentTree Starting
5 silly install loadCurrentTree
6 silly install readLocalPackageData
7 silly fetchPackageMetaData @
8 silly fetchPackageMetaData angular
9 silly fetchPackageMetaData /
10 silly fetchPackageMetaData language-service
11 silly fetchOtherPackageData @
12 silly cache add args [ '@', null ]
13 verbose cache add spec @
14 silly fetchNamedPackageData angular
15 silly mapToRegistry name angular
16 silly mapToRegistry using default registry
17 silly mapToRegistry registry https://registry.npmjs.org/
18 silly mapToRegistry data Result {
18 silly mapToRegistry   raw: 'angular',
18 silly mapToRegistry   scope: null,
18 silly mapToRegistry   escapedName: 'angular',
18 silly mapToRegistry   name: 'angular',
18 silly mapToRegistry   rawSpec: '',
18 silly mapToRegistry   spec: 'latest',
18 silly mapToRegistry   type: 'tag' }
19 silly mapToRegistry uri https://registry.npmjs.org/angular
20 silly fetchNamedPackageData language-service
21 silly mapToRegistry name language-service
22 silly mapToRegistry using default registry
23 silly mapToRegistry registry https://registry.npmjs.org/
24 silly mapToRegistry data Result {
24 silly mapToRegistry   raw: 'language-service',
24 silly mapToRegistry   scope: null,
24 silly mapToRegistry   escapedName: 'language-service',
24 silly mapToRegistry   name: 'language-service',
24 silly mapToRegistry   rawSpec: '',
24 silly mapToRegistry   spec: 'latest',
24 silly mapToRegistry   type: 'tag' }
25 silly mapToRegistry uri https://registry.npmjs.org/language-service
26 silly cache add parsed spec Result {
26 silly cache add   raw: '@',
26 silly cache add   scope: null,
26 silly cache add   escapedName: null,
26 silly cache add   name: null,
26 silly cache add   rawSpec: '@',
26 silly cache add   spec: 'F:\\案例\\3DDraw\\@',
26 silly cache add   type: 'local' }
27 verbose request uri https://registry.npmjs.org/angular
28 verbose request no auth needed
29 info attempt registry request try #1 at 11:49:07
30 verbose request id bf45765aac5db4b6
31 http request GET https://registry.npmjs.org/angular
32 silly fetchOtherPackageData /
33 silly cache add args [ '/', null ]
34 verbose cache add spec /
35 verbose request uri https://registry.npmjs.org/language-service
36 verbose request no auth needed
37 info attempt registry request try #1 at 11:49:07
38 http request GET https://registry.npmjs.org/language-service
39 error addLocal Could not install F:\案例\3DDraw\@
40 silly fetchPackageMetaData Error: ENOENT: no such file or directory, open 'F:\案例\3DDraw\@'
40 silly fetchPackageMetaData     at Error (native)
40 silly fetchPackageMetaData  error for @ { Error: ENOENT: no such file or directory, open 'F:\案例\3DDraw\@'
40 silly fetchPackageMetaData     at Error (native)
40 silly fetchPackageMetaData   errno: -4058,
40 silly fetchPackageMetaData   code: 'ENOENT',
40 silly fetchPackageMetaData   syscall: 'open',
40 silly fetchPackageMetaData   path: 'F:\\案例\\3DDraw\\@' }
41 silly cache add parsed spec Result {
41 silly cache add   raw: '/',
41 silly cache add   scope: null,
41 silly cache add   escapedName: null,
41 silly cache add   name: null,
41 silly cache add   rawSpec: '/',
41 silly cache add   spec: 'F:\\',
41 silly cache add   type: 'local' }
42 error addLocal Could not install F:\
43 silly fetchPackageMetaData Error: EISDIR: illegal operation on a directory, read
43 silly fetchPackageMetaData     at Error (native)
43 silly fetchPackageMetaData  error for / { Error: EISDIR: illegal operation on a directory, read
43 silly fetchPackageMetaData     at Error (native) errno: -4068, code: 'EISDIR', syscall: 'read' }
44 http 200 https://registry.npmjs.org/angular
45 verbose headers { server: 'nginx/1.10.1',
45 verbose headers   'content-type': 'application/json',
45 verbose headers   'last-modified': 'Wed, 11 Oct 2017 15:33:36 GMT',
45 verbose headers   etag: 'W/"59de39d0-2555b"',
45 verbose headers   'content-encoding': 'gzip',
45 verbose headers   'cache-control': 'max-age=300',
45 verbose headers   'content-length': '15830',
45 verbose headers   'accept-ranges': 'bytes',
45 verbose headers   date: 'Fri, 13 Oct 2017 03:48:59 GMT',
45 verbose headers   via: '1.1 varnish',
45 verbose headers   age: '0',
45 verbose headers   connection: 'keep-alive',
45 verbose headers   'x-served-by': 'cache-bur17537-BUR',
45 verbose headers   'x-cache': 'HIT',
45 verbose headers   'x-cache-hits': '1',
45 verbose headers   'x-timer': 'S1507866539.022977,VS0,VE160',
45 verbose headers   vary: 'Accept-Encoding, Accept' }
46 silly get cb [ 200,
46 silly get   { server: 'nginx/1.10.1',
46 silly get     'content-type': 'application/json',
46 silly get     'last-modified': 'Wed, 11 Oct 2017 15:33:36 GMT',
46 silly get     etag: 'W/"59de39d0-2555b"',
46 silly get     'content-encoding': 'gzip',
46 silly get     'cache-control': 'max-age=300',
46 silly get     'content-length': '15830',
46 silly get     'accept-ranges': 'bytes',
46 silly get     date: 'Fri, 13 Oct 2017 03:48:59 GMT',
46 silly get     via: '1.1 varnish',
46 silly get     age: '0',
46 silly get     connection: 'keep-alive',
46 silly get     'x-served-by': 'cache-bur17537-BUR',
46 silly get     'x-cache': 'HIT',
46 silly get     'x-cache-hits': '1',
46 silly get     'x-timer': 'S1507866539.022977,VS0,VE160',
46 silly get     vary: 'Accept-Encoding, Accept' } ]
47 verbose get saving angular to C:\Users\Esri\AppData\Roaming\npm-cache\registry.npmjs.org\angular\.cache.json
48 verbose correctMkdir C:\Users\Esri\AppData\Roaming\npm-cache correctMkdir not in flight; initializing
49 verbose makeDirectory C:\Users\Esri\AppData\Roaming\npm-cache creation not in flight; initializing
50 verbose makeCacheDir UID & GID are irrelevant on win32
51 http 404 https://registry.npmjs.org/language-service
52 verbose headers { 'content-type': 'application/json',
52 verbose headers   'cache-control': 'max-age=0',
52 verbose headers   'content-length': '2',
52 verbose headers   'accept-ranges': 'bytes',
52 verbose headers   date: 'Fri, 13 Oct 2017 03:48:59 GMT',
52 verbose headers   via: '1.1 varnish',
52 verbose headers   age: '0',
52 verbose headers   connection: 'keep-alive',
52 verbose headers   'x-served-by': 'cache-bur17547-BUR',
52 verbose headers   'x-cache': 'MISS',
52 verbose headers   'x-cache-hits': '0',
52 verbose headers   'x-timer': 'S1507866539.097495,VS0,VE346',
52 verbose headers   vary: 'Accept-Encoding' }
53 silly get cb [ 404,
53 silly get   { 'content-type': 'application/json',
53 silly get     'cache-control': 'max-age=0',
53 silly get     'content-length': '2',
53 silly get     'accept-ranges': 'bytes',
53 silly get     date: 'Fri, 13 Oct 2017 03:48:59 GMT',
53 silly get     via: '1.1 varnish',
53 silly get     age: '0',
53 silly get     connection: 'keep-alive',
53 silly get     'x-served-by': 'cache-bur17547-BUR',
53 silly get     'x-cache': 'MISS',
53 silly get     'x-cache-hits': '0',
53 silly get     'x-timer': 'S1507866539.097495,VS0,VE346',
53 silly get     vary: 'Accept-Encoding' } ]
54 silly fetchPackageMetaData Error: Registry returned 404 for GET on https://registry.npmjs.org/language-service
54 silly fetchPackageMetaData     at makeError (D:\Program Files\nodejs\node_modules\npm\node_modules\npm-registry-client\lib\request.js:302:12)
54 silly fetchPackageMetaData     at CachingRegistryClient.<anonymous> (D:\Program Files\nodejs\node_modules\npm\node_modules\npm-registry-client\lib\request.js:280:14)
54 silly fetchPackageMetaData     at Request._callback (D:\Program Files\nodejs\node_modules\npm\node_modules\npm-registry-client\lib\request.js:210:14)
54 silly fetchPackageMetaData     at Request.self.callback (D:\Program Files\nodejs\node_modules\npm\node_modules\request\request.js:187:22)
54 silly fetchPackageMetaData     at emitTwo (events.js:106:13)
54 silly fetchPackageMetaData     at Request.emit (events.js:191:7)
54 silly fetchPackageMetaData     at Request.<anonymous> (D:\Program Files\nodejs\node_modules\npm\node_modules\request\request.js:1048:10)
54 silly fetchPackageMetaData     at emitOne (events.js:96:13)
54 silly fetchPackageMetaData     at Request.emit (events.js:188:7)
54 silly fetchPackageMetaData     at IncomingMessage.<anonymous> (D:\Program Files\nodejs\node_modules\npm\node_modules\request\request.js:969:12)
54 silly fetchPackageMetaData  error for language-service { Error: Registry returned 404 for GET on https://registry.npmjs.org/language-service
54 silly fetchPackageMetaData     at makeError (D:\Program Files\nodejs\node_modules\npm\node_modules\npm-registry-client\lib\request.js:302:12)
54 silly fetchPackageMetaData     at CachingRegistryClient.<anonymous> (D:\Program Files\nodejs\node_modules\npm\node_modules\npm-registry-client\lib\request.js:280:14)
54 silly fetchPackageMetaData     at Request._callback (D:\Program Files\nodejs\node_modules\npm\node_modules\npm-registry-client\lib\request.js:210:14)
54 silly fetchPackageMetaData     at Request.self.callback (D:\Program Files\nodejs\node_modules\npm\node_modules\request\request.js:187:22)
54 silly fetchPackageMetaData     at emitTwo (events.js:106:13)
54 silly fetchPackageMetaData     at Request.emit (events.js:191:7)
54 silly fetchPackageMetaData     at Request.<anonymous> (D:\Program Files\nodejs\node_modules\npm\node_modules\request\request.js:1048:10)
54 silly fetchPackageMetaData     at emitOne (events.js:96:13)
54 silly fetchPackageMetaData     at Request.emit (events.js:188:7)
54 silly fetchPackageMetaData     at IncomingMessage.<anonymous> (D:\Program Files\nodejs\node_modules\npm\node_modules\request\request.js:969:12) pkgid: 'language-service', statusCode: 404, code: 'E404' }
55 silly rollbackFailedOptional Starting
56 silly rollbackFailedOptional Finishing
57 silly runTopLevelLifecycles Finishing
58 silly install printInstalled
59 verbose stack Error: ENOENT: no such file or directory, open 'F:\案例\3DDraw\@'
59 verbose stack     at Error (native)
60 verbose cwd F:\案例\3DDraw
61 error Windows_NT 10.0.10586
62 error argv "D:\\Program Files\\nodejs\\node.exe" "D:\\Program Files\\nodejs\\node_modules\\npm\\bin\\npm-cli.js" "install" "@" "angular" "/" "language-service" "--save-dev"
63 error node v6.11.0
64 error npm  v3.10.10
65 error path F:\案例\3DDraw\@
66 error code ENOENT
67 error errno -4058
68 error syscall open
69 error enoent ENOENT: no such file or directory, open 'F:\案例\3DDraw\@'
70 error enoent ENOENT: no such file or directory, open 'F:\案例\3DDraw\@'
70 error enoent This is most likely not a problem with npm itself
70 error enoent and is related to npm not being able to find a file.
71 verbose exit [ -4058, true ]
